<?xml version="1.0" encoding="UTF-8"?>
<testng-results ignored="1" total="2" passed="1" failed="0" skipped="0">
  <reporter-output>
  </reporter-output>
  <suite started-at="2019-03-23T04:59:25Z" name="Suite" finished-at="2019-03-23T04:59:25Z" duration-ms="79">
    <groups>
      <group name="smoke">
        <method signature="NewTest.f()[pri:2, instance:com.worldline.testNG.NewTest@2362f559]" name="f" class="com.worldline.testNG.NewTest"/>
      </group> <!-- smoke -->
    </groups>
    <test started-at="2019-03-23T04:59:25Z" name="Test" finished-at="2019-03-23T04:59:25Z" duration-ms="79">
      <class name="com.worldline.testNG.NewTest">
        <test-method is-config="true" signature="beforeSuite()[pri:0, instance:com.worldline.testNG.NewTest@2362f559]" started-at="2019-03-23T04:59:25Z" name="beforeSuite" finished-at="2019-03-23T04:59:25Z" duration-ms="32" status="PASS">
          <reporter-output>
          </reporter-output>
        </test-method> <!-- beforeSuite -->
        <test-method is-config="true" signature="beforeTest()[pri:0, instance:com.worldline.testNG.NewTest@2362f559]" started-at="2019-03-23T04:59:25Z" name="beforeTest" finished-at="2019-03-23T04:59:25Z" duration-ms="0" status="PASS">
          <reporter-output>
          </reporter-output>
        </test-method> <!-- beforeTest -->
        <test-method is-config="true" signature="beforeClass()[pri:0, instance:com.worldline.testNG.NewTest@2362f559]" started-at="2019-03-23T04:59:25Z" name="beforeClass" finished-at="2019-03-23T04:59:25Z" duration-ms="0" status="PASS">
          <reporter-output>
          </reporter-output>
        </test-method> <!-- beforeClass -->
        <test-method signature="f()[pri:2, instance:com.worldline.testNG.NewTest@2362f559]" started-at="2019-03-23T04:59:25Z" name="f" finished-at="2019-03-23T04:59:25Z" duration-ms="16" status="PASS">
          <reporter-output>
          </reporter-output>
        </test-method> <!-- f -->
        <test-method is-config="true" signature="beforeMethod()[pri:0, instance:com.worldline.testNG.NewTest@2362f559]" started-at="2019-03-23T04:59:25Z" name="beforeMethod" finished-at="2019-03-23T04:59:25Z" duration-ms="0" status="PASS">
          <reporter-output>
          </reporter-output>
        </test-method> <!-- beforeMethod -->
        <test-method is-config="true" signature="afterClass()[pri:0, instance:com.worldline.testNG.NewTest@2362f559]" started-at="2019-03-23T04:59:25Z" name="afterClass" finished-at="2019-03-23T04:59:25Z" duration-ms="0" status="PASS">
          <reporter-output>
          </reporter-output>
        </test-method> <!-- afterClass -->
        <test-method is-config="true" signature="afterMethod()[pri:0, instance:com.worldline.testNG.NewTest@2362f559]" started-at="2019-03-23T04:59:25Z" name="afterMethod" finished-at="2019-03-23T04:59:25Z" duration-ms="0" status="PASS">
          <reporter-output>
          </reporter-output>
        </test-method> <!-- afterMethod -->
        <test-method is-config="true" signature="afterTest()[pri:0, instance:com.worldline.testNG.NewTest@2362f559]" started-at="2019-03-23T04:59:25Z" name="afterTest" finished-at="2019-03-23T04:59:25Z" duration-ms="0" status="PASS">
          <reporter-output>
          </reporter-output>
        </test-method> <!-- afterTest -->
        <test-method is-config="true" signature="afterSuite()[pri:0, instance:com.worldline.testNG.NewTest@2362f559]" started-at="2019-03-23T04:59:25Z" name="afterSuite" finished-at="2019-03-23T04:59:25Z" duration-ms="0" status="PASS">
          <reporter-output>
          </reporter-output>
        </test-method> <!-- afterSuite -->
      </class> <!-- com.worldline.testNG.NewTest -->
    </test> <!-- Test -->
  </suite> <!-- Suite -->
</testng-results>
